<?xml version="1.0" encoding="UTF-8"?>
<testsuite name="io.rishasi.game.Battleship.BattleshipTestDrive" tests="2" skipped="0" failures="0" errors="0" timestamp="2021-04-03T15:40:21" hostname="192.168.1.7" time="0.019">
  <properties/>
  <testcase name="shouldCheckKill()" classname="io.rishasi.game.Battleship.BattleshipTestDrive" time="0.017"/>
  <testcase name="shouldCheckHit()" classname="io.rishasi.game.Battleship.BattleshipTestDrive" time="0.001"/>
  <system-out><![CDATA[]]></system-out>
  <system-err><![CDATA[]]></system-err>
</testsuite>
